<!DOCTYPE html PUBLIC "-//W3C//DTD XHTML 1.1//EN" "https://www.w3.org/TR/xhtml11/DTD/xhtml11.dtd">
<html xmlns="https://www.w3.org/1999/xhtml">
<head>
<meta http-equiv="content-type" content="text/html; charset=UTF-8"/>
<title>TestNG Report</title>
<style type="text/css">table {margin-bottom:10px;border-collapse:collapse;empty-cells:show}th,td {border:1px solid #009;padding:.25em .5em}th {vertical-align:bottom}td {vertical-align:top}table a {font-weight:bold}.stripe td {background-color: #E6EBF9}.num {text-align:right}.passedodd td {background-color: #3F3}.passedeven td {background-color: #0A0}.skippedodd td {background-color: #DDD}.skippedeven td {background-color: #CCC}.failedodd td,.attn {background-color: #F33}.failedeven td,.stripe .attn {background-color: #D00}.stacktrace {white-space:pre;font-family:monospace}.totop {font-size:85%;text-align:center;border-bottom:2px solid #000}.invisible {display:none}</style>
</head>
<body>
<table>
<tr><th>Test</th><th># Passed</th><th># Skipped</th><th># Retried</th><th># Failed</th><th>Time (ms)</th><th>Included Groups</th><th>Excluded Groups</th></tr>
<tr><th colspan="8">OrangeHRM Suite</th></tr>
<tr><td><a href="#t0">OrangeHRM Tests</a></td><td class="num">0</td><td class="num">0</td><td class="num">0</td><td class="num attn">10</td><td class="num">1,208</td><td>regression</td><td></td></tr>
</table>
<table id='summary'><thead><tr><th>Class</th><th>Method</th><th>Start</th><th>Time (ms)</th></tr></thead><tbody><tr><th colspan="4">OrangeHRM Suite</th></tr></tbody><tbody id="t0"><tr><th colspan="4">OrangeHRM Tests &#8212; failed</th></tr><tr class="failedeven"><td rowspan="1">com.orangehrm.tests.TC001_ValidLogin</td><td><a href="#m0">ValidLogin</a></td><td rowspan="1">1750657528512</td><td rowspan="1">159</td></tr><tr class="failedodd"><td rowspan="1">com.orangehrm.tests.TC002_InvalidUsername</td><td><a href="#m1">InvalidUsername</a></td><td rowspan="1">1750657528711</td><td rowspan="1">4</td></tr><tr class="failedeven"><td rowspan="1">com.orangehrm.tests.TC003_InvalidPassword</td><td><a href="#m2">InvalidPassword</a></td><td rowspan="1">1750657528725</td><td rowspan="1">7</td></tr><tr class="failedodd"><td rowspan="1">com.orangehrm.tests.TC004_BlankUsername</td><td><a href="#m3">BlankUsername</a></td><td rowspan="1">1750657528766</td><td rowspan="1">16</td></tr><tr class="failedeven"><td rowspan="1">com.orangehrm.tests.TC005_BlankPassword</td><td><a href="#m4">BlankPassword</a></td><td rowspan="1">1750657528802</td><td rowspan="1">6</td></tr><tr class="failedodd"><td rowspan="1">com.orangehrm.tests.TC006_BothFieldsBlank</td><td><a href="#m5">BothFieldsBlank</a></td><td rowspan="1">1750657528821</td><td rowspan="1">6</td></tr><tr class="failedeven"><td rowspan="1">com.orangehrm.tests.TC010_LogoutFunctionality</td><td><a href="#m6">LogoutFunctionality</a></td><td rowspan="1">1750657528839</td><td rowspan="1">6</td></tr><tr class="failedodd"><td rowspan="1">com.orangehrm.tests.TC011_DashboardLoad</td><td><a href="#m7">DashboardLoad</a></td><td rowspan="1">1750657528856</td><td rowspan="1">10</td></tr><tr class="failedeven"><td rowspan="1">com.orangehrm.tests.TC015_ProfileDropdownCheck</td><td><a href="#m8">ProfileDropdownCheck</a></td><td rowspan="1">1750657528882</td><td rowspan="1">5</td></tr><tr class="failedodd"><td rowspan="1">com.orangehrm.tests.TC016_NavigatetoUsers</td><td><a href="#m9">NavigatetoUsers</a></td><td rowspan="1">1750657528901</td><td rowspan="1">6</td></tr></tbody>
</table>
<h2>OrangeHRM Tests</h2><h3 id="m0">com.orangehrm.tests.TC001_ValidLogin#ValidLogin</h3><table class="result"><tr><th>Exception</th></tr><tr><td><div class="stacktrace">java.lang.NullPointerException: Cannot invoke &quot;org.openqa.selenium.support.ui.WebDriverWait.until(java.util.function.Function)&quot; because the return value of &quot;com.orangehrm.tests.BaseClass.getWait()&quot; is null
	at com.orangehrm.tests.BaseClass.waitForElementTobeVisible(BaseClass.java:88)
	at com.orangehrm.tests.TC001_ValidLogin.ValidLogin(TC001_ValidLogin.java:17)
	at java.base/java.util.ArrayList.forEach(ArrayList.java:1596)
... Removed 29 stack frames</div></td></tr></table><p class="totop"><a href="#summary">back to summary</a></p>
<h3 id="m1">com.orangehrm.tests.TC002_InvalidUsername#InvalidUsername</h3><table class="result"><tr><th>Exception</th></tr><tr><td><div class="stacktrace">java.lang.NullPointerException: Cannot invoke &quot;org.openqa.selenium.support.ui.WebDriverWait.until(java.util.function.Function)&quot; because the return value of &quot;com.orangehrm.tests.BaseClass.getWait()&quot; is null
	at com.orangehrm.tests.BaseClass.waitForElementTobeVisible(BaseClass.java:88)
	at com.orangehrm.tests.TC002_InvalidUsername.InvalidUsername(TC002_InvalidUsername.java:16)
	at java.base/java.util.ArrayList.forEach(ArrayList.java:1596)
... Removed 29 stack frames</div></td></tr></table><p class="totop"><a href="#summary">back to summary</a></p>
<h3 id="m2">com.orangehrm.tests.TC003_InvalidPassword#InvalidPassword</h3><table class="result"><tr><th>Exception</th></tr><tr><td><div class="stacktrace">java.lang.NullPointerException: Cannot invoke &quot;org.openqa.selenium.support.ui.WebDriverWait.until(java.util.function.Function)&quot; because the return value of &quot;com.orangehrm.tests.BaseClass.getWait()&quot; is null
	at com.orangehrm.tests.BaseClass.waitForElementTobeVisible(BaseClass.java:88)
	at com.orangehrm.tests.TC003_InvalidPassword.InvalidPassword(TC003_InvalidPassword.java:17)
	at java.base/java.util.ArrayList.forEach(ArrayList.java:1596)
... Removed 29 stack frames</div></td></tr></table><p class="totop"><a href="#summary">back to summary</a></p>
<h3 id="m3">com.orangehrm.tests.TC004_BlankUsername#BlankUsername</h3><table class="result"><tr><th>Exception</th></tr><tr><td><div class="stacktrace">java.lang.NullPointerException: Cannot invoke &quot;org.openqa.selenium.support.ui.WebDriverWait.until(java.util.function.Function)&quot; because the return value of &quot;com.orangehrm.tests.BaseClass.getWait()&quot; is null
	at com.orangehrm.tests.BaseClass.waitForElementTobeVisible(BaseClass.java:88)
	at com.orangehrm.tests.TC004_BlankUsername.BlankUsername(TC004_BlankUsername.java:17)
	at java.base/java.util.ArrayList.forEach(ArrayList.java:1596)
... Removed 29 stack frames</div></td></tr></table><p class="totop"><a href="#summary">back to summary</a></p>
<h3 id="m4">com.orangehrm.tests.TC005_BlankPassword#BlankPassword</h3><table class="result"><tr><th>Exception</th></tr><tr><td><div class="stacktrace">java.lang.NullPointerException: Cannot invoke &quot;org.openqa.selenium.support.ui.WebDriverWait.until(java.util.function.Function)&quot; because the return value of &quot;com.orangehrm.tests.BaseClass.getWait()&quot; is null
	at com.orangehrm.tests.BaseClass.waitForElementTobeVisible(BaseClass.java:88)
	at com.orangehrm.tests.TC005_BlankPassword.BlankPassword(TC005_BlankPassword.java:16)
	at java.base/java.util.ArrayList.forEach(ArrayList.java:1596)
... Removed 29 stack frames</div></td></tr></table><p class="totop"><a href="#summary">back to summary</a></p>
<h3 id="m5">com.orangehrm.tests.TC006_BothFieldsBlank#BothFieldsBlank</h3><table class="result"><tr><th>Exception</th></tr><tr><td><div class="stacktrace">java.lang.NullPointerException: Cannot invoke &quot;org.openqa.selenium.support.ui.WebDriverWait.until(java.util.function.Function)&quot; because the return value of &quot;com.orangehrm.tests.BaseClass.getWait()&quot; is null
	at com.orangehrm.tests.BaseClass.waitForElementTobeVisible(BaseClass.java:88)
	at com.orangehrm.tests.TC006_BothFieldsBlank.BothFieldsBlank(TC006_BothFieldsBlank.java:16)
	at java.base/java.util.ArrayList.forEach(ArrayList.java:1596)
... Removed 29 stack frames</div></td></tr></table><p class="totop"><a href="#summary">back to summary</a></p>
<h3 id="m6">com.orangehrm.tests.TC010_LogoutFunctionality#LogoutFunctionality</h3><table class="result"><tr><th>Exception</th></tr><tr><td><div class="stacktrace">java.lang.NullPointerException: Cannot invoke &quot;org.openqa.selenium.support.ui.WebDriverWait.until(java.util.function.Function)&quot; because the return value of &quot;com.orangehrm.tests.BaseClass.getWait()&quot; is null
	at com.orangehrm.tests.BaseClass.waitForElementTobeVisible(BaseClass.java:88)
	at com.orangehrm.tests.TC010_LogoutFunctionality.LogoutFunctionality(TC010_LogoutFunctionality.java:16)
	at java.base/java.util.ArrayList.forEach(ArrayList.java:1596)
... Removed 29 stack frames</div></td></tr></table><p class="totop"><a href="#summary">back to summary</a></p>
<h3 id="m7">com.orangehrm.tests.TC011_DashboardLoad#DashboardLoad</h3><table class="result"><tr><th>Exception</th></tr><tr><td><div class="stacktrace">java.lang.NullPointerException: Cannot invoke &quot;org.openqa.selenium.support.ui.WebDriverWait.until(java.util.function.Function)&quot; because the return value of &quot;com.orangehrm.tests.BaseClass.getWait()&quot; is null
	at com.orangehrm.tests.BaseClass.waitForElementTobeVisible(BaseClass.java:88)
	at com.orangehrm.tests.TC011_DashboardLoad.DashboardLoad(TC011_DashboardLoad.java:17)
	at java.base/java.util.ArrayList.forEach(ArrayList.java:1596)
... Removed 29 stack frames</div></td></tr></table><p class="totop"><a href="#summary">back to summary</a></p>
<h3 id="m8">com.orangehrm.tests.TC015_ProfileDropdownCheck#ProfileDropdownCheck</h3><table class="result"><tr><th>Exception</th></tr><tr><td><div class="stacktrace">java.lang.NullPointerException: Cannot invoke &quot;org.openqa.selenium.support.ui.WebDriverWait.until(java.util.function.Function)&quot; because the return value of &quot;com.orangehrm.tests.BaseClass.getWait()&quot; is null
	at com.orangehrm.tests.BaseClass.waitForElementTobeVisible(BaseClass.java:88)
	at com.orangehrm.tests.TC015_ProfileDropdownCheck.ProfileDropdownCheck(TC015_ProfileDropdownCheck.java:18)
	at java.base/java.util.ArrayList.forEach(ArrayList.java:1596)
... Removed 29 stack frames</div></td></tr></table><p class="totop"><a href="#summary">back to summary</a></p>
<h3 id="m9">com.orangehrm.tests.TC016_NavigatetoUsers#NavigatetoUsers</h3><table class="result"><tr><th>Exception</th></tr><tr><td><div class="stacktrace">java.lang.NullPointerException: Cannot invoke &quot;org.openqa.selenium.support.ui.WebDriverWait.until(java.util.function.Function)&quot; because the return value of &quot;com.orangehrm.tests.BaseClass.getWait()&quot; is null
	at com.orangehrm.tests.BaseClass.waitForElementTobeVisible(BaseClass.java:88)
	at com.orangehrm.tests.TC016_NavigatetoUsers.NavigatetoUsers(TC016_NavigatetoUsers.java:19)
	at java.base/java.util.ArrayList.forEach(ArrayList.java:1596)
... Removed 29 stack frames</div></td></tr></table><p class="totop"><a href="#summary">back to summary</a></p>
</body>
</html>
