<?xml version="1.0" encoding="UTF-8"?>
<!-- Generated by org.testng.reporters.JUnitXMLReporter -->
<testsuite ignored="0" hostname="DESKTOP-IP7TE20" failures="10" tests="10" name="OrangeHRM-chrome" time="1.529" errors="0" timestamp="2025-06-22T11:04:13 IST">
  <testcase classname="com.orangehrm.tests.TC001_ValidLogin" name="ValidLogin" time="0.145">
    <failure type="java.lang.NullPointerException" message="Cannot invoke &amp;quot;org.openqa.selenium.support.ui.WebDriverWait.until(java.util.function.Function)&amp;quot; because the return value of &amp;quot;com.orangehrm.tests.BaseClass.getWait()&amp;quot; is null">
      <![CDATA[java.lang.NullPointerException: Cannot invoke "org.openqa.selenium.support.ui.WebDriverWait.until(java.util.function.Function)" because the return value of "com.orangehrm.tests.BaseClass.getWait()" is null
at com.orangehrm.tests.BaseClass.waitForElementTobeVisible(BaseClass.java:93)
at com.orangehrm.tests.TC001_ValidLogin.ValidLogin(TC001_ValidLogin.java:17)
at java.base/java.util.ArrayList.forEach(ArrayList.java:1596)
... Removed 25 stack frames]]>
    </failure>
  </testcase> <!-- ValidLogin -->
  <testcase classname="com.orangehrm.tests.TC002_InvalidUsername" name="InvalidUsername" time="0.01">
    <failure type="java.lang.NullPointerException" message="Cannot invoke &amp;quot;org.openqa.selenium.support.ui.WebDriverWait.until(java.util.function.Function)&amp;quot; because the return value of &amp;quot;com.orangehrm.tests.BaseClass.getWait()&amp;quot; is null">
      <![CDATA[java.lang.NullPointerException: Cannot invoke "org.openqa.selenium.support.ui.WebDriverWait.until(java.util.function.Function)" because the return value of "com.orangehrm.tests.BaseClass.getWait()" is null
at com.orangehrm.tests.BaseClass.waitForElementTobeVisible(BaseClass.java:93)
at com.orangehrm.tests.TC002_InvalidUsername.InvalidUsername(TC002_InvalidUsername.java:16)
at java.base/java.util.ArrayList.forEach(ArrayList.java:1596)
... Removed 25 stack frames]]>
    </failure>
  </testcase> <!-- InvalidUsername -->
  <testcase classname="com.orangehrm.tests.TC003_InvalidPassword" name="InvalidPassword" time="0.01">
    <failure type="java.lang.NullPointerException" message="Cannot invoke &amp;quot;org.openqa.selenium.support.ui.WebDriverWait.until(java.util.function.Function)&amp;quot; because the return value of &amp;quot;com.orangehrm.tests.BaseClass.getWait()&amp;quot; is null">
      <![CDATA[java.lang.NullPointerException: Cannot invoke "org.openqa.selenium.support.ui.WebDriverWait.until(java.util.function.Function)" because the return value of "com.orangehrm.tests.BaseClass.getWait()" is null
at com.orangehrm.tests.BaseClass.waitForElementTobeVisible(BaseClass.java:93)
at com.orangehrm.tests.TC003_InvalidPassword.InvalidPassword(TC003_InvalidPassword.java:17)
at java.base/java.util.ArrayList.forEach(ArrayList.java:1596)
... Removed 25 stack frames]]>
    </failure>
  </testcase> <!-- InvalidPassword -->
  <testcase classname="com.orangehrm.tests.TC004_BlankUsername" name="BlankUsername" time="0.048">
    <failure type="java.lang.NullPointerException" message="Cannot invoke &amp;quot;org.openqa.selenium.support.ui.WebDriverWait.until(java.util.function.Function)&amp;quot; because the return value of &amp;quot;com.orangehrm.tests.BaseClass.getWait()&amp;quot; is null">
      <![CDATA[java.lang.NullPointerException: Cannot invoke "org.openqa.selenium.support.ui.WebDriverWait.until(java.util.function.Function)" because the return value of "com.orangehrm.tests.BaseClass.getWait()" is null
at com.orangehrm.tests.BaseClass.waitForElementTobeVisible(BaseClass.java:93)
at com.orangehrm.tests.TC004_BlankUsername.BlankUsername(TC004_BlankUsername.java:17)
at java.base/java.util.ArrayList.forEach(ArrayList.java:1596)
... Removed 25 stack frames]]>
    </failure>
  </testcase> <!-- BlankUsername -->
  <testcase classname="com.orangehrm.tests.TC005_BlankPassword" name="BlankPassword" time="0.009">
    <failure type="java.lang.NullPointerException" message="Cannot invoke &amp;quot;org.openqa.selenium.support.ui.WebDriverWait.until(java.util.function.Function)&amp;quot; because the return value of &amp;quot;com.orangehrm.tests.BaseClass.getWait()&amp;quot; is null">
      <![CDATA[java.lang.NullPointerException: Cannot invoke "org.openqa.selenium.support.ui.WebDriverWait.until(java.util.function.Function)" because the return value of "com.orangehrm.tests.BaseClass.getWait()" is null
at com.orangehrm.tests.BaseClass.waitForElementTobeVisible(BaseClass.java:93)
at com.orangehrm.tests.TC005_BlankPassword.BlankPassword(TC005_BlankPassword.java:16)
at java.base/java.util.ArrayList.forEach(ArrayList.java:1596)
... Removed 25 stack frames]]>
    </failure>
  </testcase> <!-- BlankPassword -->
  <testcase classname="com.orangehrm.tests.TC006_BothFieldsBlank" name="BothFieldsBlank" time="0.008">
    <failure type="java.lang.NullPointerException" message="Cannot invoke &amp;quot;org.openqa.selenium.support.ui.WebDriverWait.until(java.util.function.Function)&amp;quot; because the return value of &amp;quot;com.orangehrm.tests.BaseClass.getWait()&amp;quot; is null">
      <![CDATA[java.lang.NullPointerException: Cannot invoke "org.openqa.selenium.support.ui.WebDriverWait.until(java.util.function.Function)" because the return value of "com.orangehrm.tests.BaseClass.getWait()" is null
at com.orangehrm.tests.BaseClass.waitForElementTobeVisible(BaseClass.java:93)
at com.orangehrm.tests.TC006_BothFieldsBlank.BothFieldsBlank(TC006_BothFieldsBlank.java:16)
at java.base/java.util.ArrayList.forEach(ArrayList.java:1596)
... Removed 25 stack frames]]>
    </failure>
  </testcase> <!-- BothFieldsBlank -->
  <testcase classname="com.orangehrm.tests.TC010_LogoutFunctionality" name="LogoutFunctionality" time="0.011">
    <failure type="java.lang.NullPointerException" message="Cannot invoke &amp;quot;org.openqa.selenium.support.ui.WebDriverWait.until(java.util.function.Function)&amp;quot; because the return value of &amp;quot;com.orangehrm.tests.BaseClass.getWait()&amp;quot; is null">
      <![CDATA[java.lang.NullPointerException: Cannot invoke "org.openqa.selenium.support.ui.WebDriverWait.until(java.util.function.Function)" because the return value of "com.orangehrm.tests.BaseClass.getWait()" is null
at com.orangehrm.tests.BaseClass.waitForElementTobeVisible(BaseClass.java:93)
at com.orangehrm.tests.TC010_LogoutFunctionality.LogoutFunctionality(TC010_LogoutFunctionality.java:16)
at java.base/java.util.ArrayList.forEach(ArrayList.java:1596)
... Removed 25 stack frames]]>
    </failure>
  </testcase> <!-- LogoutFunctionality -->
  <testcase classname="com.orangehrm.tests.TC011_DashboardLoad" name="DashboardLoad" time="0.011">
    <failure type="java.lang.NullPointerException" message="Cannot invoke &amp;quot;org.openqa.selenium.support.ui.WebDriverWait.until(java.util.function.Function)&amp;quot; because the return value of &amp;quot;com.orangehrm.tests.BaseClass.getWait()&amp;quot; is null">
      <![CDATA[java.lang.NullPointerException: Cannot invoke "org.openqa.selenium.support.ui.WebDriverWait.until(java.util.function.Function)" because the return value of "com.orangehrm.tests.BaseClass.getWait()" is null
at com.orangehrm.tests.BaseClass.waitForElementTobeVisible(BaseClass.java:93)
at com.orangehrm.tests.TC011_DashboardLoad.DashboardLoad(TC011_DashboardLoad.java:17)
at java.base/java.util.ArrayList.forEach(ArrayList.java:1596)
... Removed 25 stack frames]]>
    </failure>
  </testcase> <!-- DashboardLoad -->
  <testcase classname="com.orangehrm.tests.TC015_ProfileDropdownCheck" name="ProfileDropdownCheck" time="0.007">
    <failure type="java.lang.NullPointerException" message="Cannot invoke &amp;quot;org.openqa.selenium.support.ui.WebDriverWait.until(java.util.function.Function)&amp;quot; because the return value of &amp;quot;com.orangehrm.tests.BaseClass.getWait()&amp;quot; is null">
      <![CDATA[java.lang.NullPointerException: Cannot invoke "org.openqa.selenium.support.ui.WebDriverWait.until(java.util.function.Function)" because the return value of "com.orangehrm.tests.BaseClass.getWait()" is null
at com.orangehrm.tests.BaseClass.waitForElementTobeVisible(BaseClass.java:93)
at com.orangehrm.tests.TC015_ProfileDropdownCheck.ProfileDropdownCheck(TC015_ProfileDropdownCheck.java:18)
at java.base/java.util.ArrayList.forEach(ArrayList.java:1596)
... Removed 25 stack frames]]>
    </failure>
  </testcase> <!-- ProfileDropdownCheck -->
  <testcase classname="com.orangehrm.tests.TC016_NavigatetoUsers" name="NavigatetoUsers" time="0.013">
    <failure type="java.lang.NullPointerException" message="Cannot invoke &amp;quot;org.openqa.selenium.support.ui.WebDriverWait.until(java.util.function.Function)&amp;quot; because the return value of &amp;quot;com.orangehrm.tests.BaseClass.getWait()&amp;quot; is null">
      <![CDATA[java.lang.NullPointerException: Cannot invoke "org.openqa.selenium.support.ui.WebDriverWait.until(java.util.function.Function)" because the return value of "com.orangehrm.tests.BaseClass.getWait()" is null
at com.orangehrm.tests.BaseClass.waitForElementTobeVisible(BaseClass.java:93)
at com.orangehrm.tests.TC016_NavigatetoUsers.NavigatetoUsers(TC016_NavigatetoUsers.java:19)
at java.base/java.util.ArrayList.forEach(ArrayList.java:1596)
... Removed 25 stack frames]]>
    </failure>
  </testcase> <!-- NavigatetoUsers -->
</testsuite> <!-- OrangeHRM-chrome -->
