<html>
<head>
<title>TestNG:  Test</title>
<link href="../testng.css" rel="stylesheet" type="text/css" />
<link href="../my-testng.css" rel="stylesheet" type="text/css" />

<style type="text/css">
.log { display: none;} 
.stack-trace { display: none;} 
</style>
<script type="text/javascript">
<!--
function flip(e) {
  current = e.style.display;
  if (current == 'block') {
    e.style.display = 'none';
    return 0;
  }
  else {
    e.style.display = 'block';
    return 1;
  }
}

function toggleBox(szDivId, elem, msg1, msg2)
{
  var res = -1;  if (document.getElementById) {
    res = flip(document.getElementById(szDivId));
  }
  else if (document.all) {
    // this is the way old msie versions work
    res = flip(document.all[szDivId]);
  }
  if(elem) {
    if(res == 0) elem.innerHTML = msg1; else elem.innerHTML = msg2;
  }

}

function toggleAllBoxes() {
  if (document.getElementsByTagName) {
    d = document.getElementsByTagName('div');
    for (i = 0; i < d.length; i++) {
      if (d[i].className == 'log') {
        flip(d[i]);
      }
    }
  }
}

// -->
</script>

</head>
<body>
<h2 align='center'>Test</h2><table border='1' align="center">
<tr>
<td>Tests passed/Failed/Skipped:</td><td>9/1/0</td>
</tr><tr>
<td>Started on:</td><td>Tue Jun 03 01:20:39 IST 2025</td>
</tr>
<tr><td>Total time:</td><td>173 seconds (173177 ms)</td>
</tr><tr>
<td>Included groups:</td><td></td>
</tr><tr>
<td>Excluded groups:</td><td></td>
</tr>
</table><p/>
<small><i>(Hover the method name to see the test class name)</i></small><p/>
<table width='100%' border='1' class='invocation-failed'>
<tr><td colspan='4' align='center'><b>FAILED TESTS</b></td></tr>
<tr><td><b>Test method</b></td>
<td><b>Attribute(s)</b></td>
<td width="30%"><b>Exception</b></td>
<td width="10%"><b>Time (seconds)</b></td>
<td><b>Instance</b></td>
</tr>
<tr>
<td title='com.orangehrm.tests.TC016_NavigatetoUsers.TC016_NavigatetoUsers()'><b>TC016_NavigatetoUsers</b><br>Test class: com.orangehrm.tests.TC016_NavigatetoUsers</td>
<td><div><pre>java.lang.AssertionError: expected [true] but found [false]
	at com.orangehrm.tests.TC016_NavigatetoUsers.TC016_NavigatetoUsers(TC016_NavigatetoUsers.java:32)
	at java.base/java.util.ArrayList.forEach(ArrayList.java:1596)
... Removed 29 stack frames</pre></div><a href='#' onClick='toggleBox("stack-trace1484994456", this, "Click to show all stack frames", "Click to hide stack frames")'>Click to show all stack frames</a>
<div class='stack-trace' id='stack-trace1484994456'><pre>java.lang.AssertionError: expected [true] but found [false]
	at org.testng.Assert.fail(Assert.java:111)
	at org.testng.Assert.failNotEquals(Assert.java:1578)
	at org.testng.Assert.assertTrue(Assert.java:57)
	at org.testng.Assert.assertTrue(Assert.java:67)
	at com.orangehrm.tests.TC016_NavigatetoUsers.TC016_NavigatetoUsers(TC016_NavigatetoUsers.java:32)
	at java.base/jdk.internal.reflect.DirectMethodHandleAccessor.invoke(DirectMethodHandleAccessor.java:103)
	at java.base/java.lang.reflect.Method.invoke(Method.java:580)
	at org.testng.internal.invokers.MethodInvocationHelper.invokeMethod(MethodInvocationHelper.java:141)
	at org.testng.internal.invokers.TestInvoker.invokeMethod(TestInvoker.java:686)
	at org.testng.internal.invokers.TestInvoker.invokeTestMethod(TestInvoker.java:230)
	at org.testng.internal.invokers.MethodRunner.runInSequence(MethodRunner.java:63)
	at org.testng.internal.invokers.TestInvoker$MethodInvocationAgent.invoke(TestInvoker.java:992)
	at org.testng.internal.invokers.TestInvoker.invokeTestMethods(TestInvoker.java:203)
	at org.testng.internal.invokers.TestMethodWorker.invokeTestMethods(TestMethodWorker.java:154)
	at org.testng.internal.invokers.TestMethodWorker.run(TestMethodWorker.java:134)
	at java.base/java.util.ArrayList.forEach(ArrayList.java:1596)
	at org.testng.TestRunner.privateRun(TestRunner.java:739)
	at org.testng.TestRunner.run(TestRunner.java:614)
	at org.testng.SuiteRunner.runTest(SuiteRunner.java:421)
	at org.testng.SuiteRunner.runSequentially(SuiteRunner.java:413)
	at org.testng.SuiteRunner.privateRun(SuiteRunner.java:373)
	at org.testng.SuiteRunner.run(SuiteRunner.java:312)
	at org.testng.SuiteRunnerWorker.runSuite(SuiteRunnerWorker.java:52)
	at org.testng.SuiteRunnerWorker.run(SuiteRunnerWorker.java:95)
	at org.testng.TestNG.runSuitesSequentially(TestNG.java:1274)
	at org.testng.TestNG.runSuitesLocally(TestNG.java:1208)
	at org.testng.TestNG.runSuites(TestNG.java:1112)
	at org.testng.TestNG.run(TestNG.java:1079)
	at org.testng.remote.AbstractRemoteTestNG.run(AbstractRemoteTestNG.java:115)
	at org.testng.remote.RemoteTestNG.initAndRun(RemoteTestNG.java:293)
	at org.testng.remote.RemoteTestNG.main(RemoteTestNG.java:91)
</pre></div></td>
<td>18</td>
<td>com.orangehrm.tests.TC016_NavigatetoUsers@2654635</td></tr>
</table><p>
<table width='100%' border='1' class='invocation-passed'>
<tr><td colspan='4' align='center'><b>PASSED TESTS</b></td></tr>
<tr><td><b>Test method</b></td>
<td><b>Attribute(s)</b></td>
<td width="30%"><b>Exception</b></td>
<td width="10%"><b>Time (seconds)</b></td>
<td><b>Instance</b></td>
</tr>
<tr>
<td title='com.orangehrm.tests.TC004_BlankUsername.BlankUsername()'><b>BlankUsername</b><br>Test class: com.orangehrm.tests.TC004_BlankUsername</td>
<td></td>
<td>1</td>
<td>com.orangehrm.tests.TC004_BlankUsername@12c7a01b</td></tr>
<tr>
<td title='com.orangehrm.tests.TC011_DashboardLoad.TC011_DashboardLoad()'><b>TC011_DashboardLoad</b><br>Test class: com.orangehrm.tests.TC011_DashboardLoad</td>
<td></td>
<td>8</td>
<td>com.orangehrm.tests.TC011_DashboardLoad@4d9ac0b4</td></tr>
<tr>
<td title='com.orangehrm.tests.TC003_InvalidPassword.InvalidPassword()'><b>InvalidPassword</b><br>Test class: com.orangehrm.tests.TC003_InvalidPassword</td>
<td></td>
<td>3</td>
<td>com.orangehrm.tests.TC003_InvalidPassword@4df5bcb4</td></tr>
<tr>
<td title='com.orangehrm.tests.TC002_InvalidUsername.InvalidUsername()'><b>InvalidUsername</b><br>Test class: com.orangehrm.tests.TC002_InvalidUsername</td>
<td></td>
<td>3</td>
<td>com.orangehrm.tests.TC002_InvalidUsername@5629510</td></tr>
<tr>
<td title='com.orangehrm.tests.TC001_ValidLogin.ValidLogin()'><b>ValidLogin</b><br>Test class: com.orangehrm.tests.TC001_ValidLogin</td>
<td></td>
<td>6</td>
<td>com.orangehrm.tests.TC001_ValidLogin@28ec166e</td></tr>
<tr>
<td title='com.orangehrm.tests.TC005_BlankPassword.BlankPassword()'><b>BlankPassword</b><br>Test class: com.orangehrm.tests.TC005_BlankPassword</td>
<td></td>
<td>1</td>
<td>com.orangehrm.tests.TC005_BlankPassword@13d9b21f</td></tr>
<tr>
<td title='com.orangehrm.tests.TC015_ProfileDropdownCheck.TC015_ProfileDropdownCheck()'><b>TC015_ProfileDropdownCheck</b><br>Test class: com.orangehrm.tests.TC015_ProfileDropdownCheck</td>
<td></td>
<td>8</td>
<td>com.orangehrm.tests.TC015_ProfileDropdownCheck@130dca52</td></tr>
<tr>
<td title='com.orangehrm.tests.TC010_LogoutFunctionality.LogoutFunctionality()'><b>LogoutFunctionality</b><br>Test class: com.orangehrm.tests.TC010_LogoutFunctionality</td>
<td></td>
<td>12</td>
<td>com.orangehrm.tests.TC010_LogoutFunctionality@62727399</td></tr>
<tr>
<td title='com.orangehrm.tests.TC006_BothFieldsBlank.BothFieldsBlank()'><b>BothFieldsBlank</b><br>Test class: com.orangehrm.tests.TC006_BothFieldsBlank</td>
<td></td>
<td>1</td>
<td>com.orangehrm.tests.TC006_BothFieldsBlank@2826f61</td></tr>
</table><p>
</body>
</html>